*** Error 28 "C:\Program Files (x86)\PICC\Drivers\usb_hw_layer.h" Line 170(30,33): Expecting an identifier
*** Error 43 "C:\Program Files (x86)\PICC\Drivers\usb_hw_layer.h" Line 170(33,34): Expecting a declaration
*** Error 28 "C:\Program Files (x86)\PICC\Drivers\usb_hw_layer.h" Line 187(28,31): Expecting an identifier
*** Error 43 "C:\Program Files (x86)\PICC\Drivers\usb_hw_layer.h" Line 187(31,32): Expecting a declaration
*** Error 28 "C:\Program Files (x86)\PICC\Drivers\usb_hw_layer.h" Line 290(41,44): Expecting an identifier
*** Error 43 "C:\Program Files (x86)\PICC\Drivers\usb_hw_layer.h" Line 290(44,45): Expecting a declaration
*** Error 28 "C:\Program Files (x86)\PICC\Drivers\pic18_usb.c" Line 576(30,33): Expecting an identifier
*** Error 43 "C:\Program Files (x86)\PICC\Drivers\pic18_usb.c" Line 577(1,2): Expecting a declaration
*** Error 43 "C:\Program Files (x86)\PICC\Drivers\pic18_usb.c" Line 578(4,10): Expecting a declaration
*** Error 43 "C:\Program Files (x86)\PICC\Drivers\pic18_usb.c" Line 578(10,11): Expecting a declaration
*** Error 43 "C:\Program Files (x86)\PICC\Drivers\pic18_usb.c" Line 578(11,12): Expecting a declaration
*** Error 48 "C:\Program Files (x86)\PICC\Drivers\pic18_usb.c" Line 578(19,20): Expecting a (
*** Error 43 "C:\Program Files (x86)\PICC\Drivers\pic18_usb.c" Line 578(19,20): Expecting a declaration
*** Error 43 "C:\Program Files (x86)\PICC\Drivers\pic18_usb.c" Line 578(19,20): Expecting a declaration
*** Error 43 "C:\Program Files (x86)\PICC\Drivers\pic18_usb.c" Line 578(19,21): Expecting a declaration
*** Error 43 "C:\Program Files (x86)\PICC\Drivers\pic18_usb.c" Line 578(21,36): Expecting a declaration
*** Error 43 "C:\Program Files (x86)\PICC\Drivers\pic18_usb.c" Line 578(35,36): Expecting a declaration
*** Error 43 "C:\Program Files (x86)\PICC\Drivers\pic18_usb.c" Line 578(36,38): Expecting a declaration
*** Error 43 "C:\Program Files (x86)\PICC\Drivers\pic18_usb.c" Line 578(38,39): Expecting a declaration
*** Error 43 "C:\Program Files (x86)\PICC\Drivers\pic18_usb.c" Line 578(39,40): Expecting a declaration
*** Error 32 "C:\Program Files (x86)\PICC\Drivers\pic18_usb.c" Line 578(63,64): Expecting a , or )
*** Error 48 "C:\Program Files (x86)\PICC\Drivers\pic18_usb.c" Line 578(63,64): Expecting a (
*** Error 43 "C:\Program Files (x86)\PICC\Drivers\pic18_usb.c" Line 578(63,64): Expecting a declaration
*** Error 43 "C:\Program Files (x86)\PICC\Drivers\pic18_usb.c" Line 578(63,64): Expecting a declaration
*** Error 43 "C:\Program Files (x86)\PICC\Drivers\pic18_usb.c" Line 578(63,64): Expecting a declaration
*** Error 48 "C:\Program Files (x86)\PICC\Drivers\pic18_usb.c" Line 578(63,64): Expecting a (
*** Error 48 "C:\Program Files (x86)\PICC\Drivers\pic18_usb.c" Line 578(63,64): Expecting a (
*** Error 43 "C:\Program Files (x86)\PICC\Drivers\pic18_usb.c" Line 578(64,65): Expecting a declaration
*** Error 43 "C:\Program Files (x86)\PICC\Drivers\pic18_usb.c" Line 578(65,66): Expecting a declaration
*** Error 43 "C:\Program Files (x86)\PICC\Drivers\pic18_usb.c" Line 578(66,67): Expecting a declaration
*** Error 43 "C:\Program Files (x86)\PICC\Drivers\pic18_usb.c" Line 578(67,68): Expecting a declaration
*** Error 43 "C:\Program Files (x86)\PICC\Drivers\pic18_usb.c" Line 578(68,69): Expecting a declaration
*** Error 43 "C:\Program Files (x86)\PICC\Drivers\pic18_usb.c" Line 579(1,2): Expecting a declaration
*** Error 28 "C:\Program Files (x86)\PICC\Drivers\pic18_usb.c" Line 582(28,31): Expecting an identifier
*** Error 43 "C:\Program Files (x86)\PICC\Drivers\pic18_usb.c" Line 583(1,2): Expecting a declaration
*** Error 43 "C:\Program Files (x86)\PICC\Drivers\pic18_usb.c" Line 584(4,10): Expecting a declaration
*** Error 43 "C:\Program Files (x86)\PICC\Drivers\pic18_usb.c" Line 584(10,11): Expecting a declaration
*** Error 43 "C:\Program Files (x86)\PICC\Drivers\pic18_usb.c" Line 584(11,12): Expecting a declaration
*** Error 48 "C:\Program Files (x86)\PICC\Drivers\pic18_usb.c" Line 584(19,20): Expecting a (
*** Error 43 "C:\Program Files (x86)\PICC\Drivers\pic18_usb.c" Line 584(19,20): Expecting a declaration
*** Error 43 "C:\Program Files (x86)\PICC\Drivers\pic18_usb.c" Line 584(19,20): Expecting a declaration
*** Error 43 "C:\Program Files (x86)\PICC\Drivers\pic18_usb.c" Line 584(19,21): Expecting a declaration
*** Error 43 "C:\Program Files (x86)\PICC\Drivers\pic18_usb.c" Line 584(21,36): Expecting a declaration
*** Error 43 "C:\Program Files (x86)\PICC\Drivers\pic18_usb.c" Line 584(35,36): Expecting a declaration
*** Error 43 "C:\Program Files (x86)\PICC\Drivers\pic18_usb.c" Line 584(36,38): Expecting a declaration
*** Error 43 "C:\Program Files (x86)\PICC\Drivers\pic18_usb.c" Line 584(38,39): Expecting a declaration
*** Error 43 "C:\Program Files (x86)\PICC\Drivers\pic18_usb.c" Line 584(39,40): Expecting a declaration
*** Error 32 "C:\Program Files (x86)\PICC\Drivers\pic18_usb.c" Line 584(63,64): Expecting a , or )
*** Error 48 "C:\Program Files (x86)\PICC\Drivers\pic18_usb.c" Line 584(63,64): Expecting a (
*** Error 43 "C:\Program Files (x86)\PICC\Drivers\pic18_usb.c" Line 584(63,64): Expecting a declaration
*** Error 43 "C:\Program Files (x86)\PICC\Drivers\pic18_usb.c" Line 584(63,64): Expecting a declaration
*** Error 43 "C:\Program Files (x86)\PICC\Drivers\pic18_usb.c" Line 584(63,64): Expecting a declaration
*** Error 48 "C:\Program Files (x86)\PICC\Drivers\pic18_usb.c" Line 584(63,64): Expecting a (
*** Error 48 "C:\Program Files (x86)\PICC\Drivers\pic18_usb.c" Line 584(63,64): Expecting a (
*** Error 43 "C:\Program Files (x86)\PICC\Drivers\pic18_usb.c" Line 584(64,65): Expecting a declaration
*** Error 43 "C:\Program Files (x86)\PICC\Drivers\pic18_usb.c" Line 584(65,66): Expecting a declaration
*** Error 43 "C:\Program Files (x86)\PICC\Drivers\pic18_usb.c" Line 584(66,67): Expecting a declaration
*** Error 43 "C:\Program Files (x86)\PICC\Drivers\pic18_usb.c" Line 584(67,68): Expecting a declaration
*** Error 43 "C:\Program Files (x86)\PICC\Drivers\pic18_usb.c" Line 584(68,69): Expecting a declaration
*** Error 43 "C:\Program Files (x86)\PICC\Drivers\pic18_usb.c" Line 585(1,2): Expecting a declaration
*** Error 58 "C:\Program Files (x86)\PICC\Drivers\pic18_usb.c" Line 693(16,24): Expecting a close paren
*** Error 51 "C:\Program Files (x86)\PICC\Drivers\pic18_usb.c" Line 736(4,8): A numeric expression must appear here
*** Error 58 "C:\Program Files (x86)\PICC\Drivers\pic18_usb.c" Line 749(16,24): Expecting a close paren
*** Error 51 "C:\Program Files (x86)\PICC\Drivers\pic18_usb.c" Line 756(4,8): A numeric expression must appear here
*** Error 28 "C:\Program Files (x86)\PICC\Drivers\pic18_usb.c" Line 948(18,21): Expecting an identifier
*** Error 43 "C:\Program Files (x86)\PICC\Drivers\pic18_usb.c" Line 954(4,6): Expecting a declaration
*** Error 43 "C:\Program Files (x86)\PICC\Drivers\pic18_usb.c" Line 954(7,8): Expecting a declaration
*** Error 48 "C:\Program Files (x86)\PICC\Drivers\pic18_usb.c" Line 954(8,14): Expecting a (
*** Error 43 "C:\Program Files (x86)\PICC\Drivers\pic18_usb.c" Line 954(18,19): Expecting a declaration
*** Error 43 "C:\Program Files (x86)\PICC\Drivers\pic18_usb.c" Line 954(19,20): Expecting a declaration
*** Error 43 "C:\Program Files (x86)\PICC\Drivers\pic18_usb.c" Line 955(4,5): Expecting a declaration
*** Error 48 "C:\Program Files (x86)\PICC\Drivers\pic18_usb.c" Line 957(7,16): Expecting a (
*** Error 48 "C:\Program Files (x86)\PICC\Drivers\pic18_usb.c" Line 957(19,36): Expecting a (
*** Error 43 "C:\Program Files (x86)\PICC\Drivers\pic18_usb.c" Line 959(4,5): Expecting a declaration
*** Error 43 "C:\Program Files (x86)\PICC\Drivers\pic18_usb.c" Line 960(4,8): Expecting a declaration
*** Error 43 "C:\Program Files (x86)\PICC\Drivers\pic18_usb.c" Line 961(4,5): Expecting a declaration
*** Error 48 "C:\Program Files (x86)\PICC\Drivers\pic18_usb.c" Line 963(7,16): Expecting a (
*** Error 48 "C:\Program Files (x86)\PICC\Drivers\pic18_usb.c" Line 963(19,39): Expecting a (
*** Error 48 "C:\Program Files (x86)\PICC\Drivers\pic18_usb.c" Line 964(7,11): Expecting a (
*** Error 43 "C:\Program Files (x86)\PICC\Drivers\pic18_usb.c" Line 964(14,15): Expecting a declaration
*** Error 28 "C:\Program Files (x86)\PICC\Drivers\pic18_usb.c" Line 964(29,30): Expecting an identifier
*** Error 43 "C:\Program Files (x86)\PICC\Drivers\pic18_usb.c" Line 964(54,55): Expecting a declaration
*** Error 28 "C:\Program Files (x86)\PICC\Drivers\pic18_usb.c" Line 964(54,55): Expecting an identifier
*** Error 43 "C:\Program Files (x86)\PICC\Drivers\pic18_usb.c" Line 964(54,55): Expecting a declaration
*** Error 43 "C:\Program Files (x86)\PICC\Drivers\pic18_usb.c" Line 964(54,55): Expecting a declaration
*** Error 43 "C:\Program Files (x86)\PICC\Drivers\pic18_usb.c" Line 964(54,55): Expecting a declaration
*** Error 43 "C:\Program Files (x86)\PICC\Drivers\pic18_usb.c" Line 964(54,55): Expecting a declaration
*** Error 43 "C:\Program Files (x86)\PICC\Drivers\pic18_usb.c" Line 964(54,55): Expecting a declaration
*** Error 43 "C:\Program Files (x86)\PICC\Drivers\pic18_usb.c" Line 964(54,55): Expecting a declaration
*** Error 43 "C:\Program Files (x86)\PICC\Drivers\pic18_usb.c" Line 964(54,55): Expecting a declaration
*** Error 43 "C:\Program Files (x86)\PICC\Drivers\pic18_usb.c" Line 964(54,55): Expecting a declaration
*** Error 43 "C:\Program Files (x86)\PICC\Drivers\pic18_usb.c" Line 964(54,55): Expecting a declaration
*** Error 43 "C:\Program Files (x86)\PICC\Drivers\pic18_usb.c" Line 964(54,55): Expecting a declaration
*** Error 43 "C:\Program Files (x86)\PICC\Drivers\pic18_usb.c" Line 964(54,55): Expecting a declaration
*** Error 43 "C:\Program Files (x86)\PICC\Drivers\pic18_usb.c" Line 964(54,55): Expecting a declaration
*** Error 43 "C:\Program Files (x86)\PICC\Drivers\pic18_usb.c" Line 964(55,56): Expecting a declaration
*** Error 43 "C:\Program Files (x86)\PICC\Drivers\pic18_usb.c" Line 964(56,57): Expecting a declaration
*** Error 43 "C:\Program Files (x86)\PICC\Drivers\pic18_usb.c" Line 964(57,58): Expecting a declaration
*** Error 43 "C:\Program Files (x86)\PICC\Drivers\pic18_usb.c" Line 964(58,84): Expecting a declaration
*** Error 43 "C:\Program Files (x86)\PICC\Drivers\pic18_usb.c" Line 964(83,84): Expecting a declaration
