
ROM used:   2008/32768 (6%)
            2008/32768 (6%) including unused fragments

            1.9 Average locations per line
            22.3 Average locations per statement

RAM used:   6/2048 (0%) at main() level
            59/2048 (3%) worst case

Stack used: 6 worst case (6 in main + 0 for interrupts)
Stack size: 31

Lines Stmts  %   Files
----- ----- ---  -----
  125    54  60  TCC_LuvaVR.c
  837     0   0  ..\..\..\..\..\Program Files (x86)\PICC\Devices\18F4550.h
   95    36  40  LCD8B.c
----- -----
 1057    90 Total

Page ROM  %  RAM   Vol Diff  Functions:
---- --- --- ---   --- ----  ----------
0     38   1    1             @delay_ms1
0     16   0    1    59  1.2  lcd_cmd
0     38   1    2   127  1.8  lcd_envia_byte
0     34   1    3   173  5.0  lcd_pos_xy
0     70   2    1   290  4.1  lcd_escreve
0     78   2    1   325  3.3  lcd_ini
0    824  21    2  2086  7.7  MAIN
0     66   2    5  2086  7.7  @DIV1616
0     16   0    0             @const677
0     32   1    2             @PSTRINGC_658
0     20   0    0             @const679
0     32   1    3             @PSTRINGCN_658
0    242   6    9             @PRINTF_LD_658
0     28   1    0             @const684
0    228   6    9             @PRINTF_LD_9600_31766_31767
0     32   1    3             @PSTRINGCN_9600_31766_31767
0     16   0    0             @const689
0     18   0    0             @const690
0     26   1    0             @const691
0     84   2    1   219  1.8  ini_app
0     16   0    0   219  1.8  @const692
0     16   0    0             @const693
0     16   0    0             @const695
0     18   0    0             @const696
 Inline         0             @cinit1

Program metrics:
    Functions               9
    Statements              90
    Comments                277
    Volume (V)              7801
    Difficulty (D)          33.5
    Effort to implement (E) 261594
    Time to implement (T)   4 hours, 2 minutes
    Est Delivered Bugs (B)  1
    Cyclomatic Complexity   17
    Maintainability (MI)    135

 Segment     Used  Free
-----------  ----  ----
00000-00002     4  0  
00004-07FFE  2004  30760  



